find_header: checking for sqlite3.h... -------------------- yes

"/opt/twitter/bin/gcc-4.2 -o conftest -I/opt/twitter/rvm/rubies/ruby-2.0.0-p247/include/ruby-2.0.0/x86_64-darwin13.2.0 -I/opt/twitter/rvm/rubies/ruby-2.0.0-p247/include/ruby-2.0.0/ruby/backward -I/opt/twitter/rvm/rubies/ruby-2.0.0-p247/include/ruby-2.0.0 -I. -D_XOPEN_SOURCE -D_DARWIN_C_SOURCE -D_DARWIN_UNLIMITED_SELECT -D_REENTRANT -I/opt/twitter/opt/libyaml/include -I/opt/twitter/opt/readline/include -I/opt/twitter/opt/libksba/include -I/opt/twitter/opt/openssl/include    -O3 -fno-fast-math -ggdb3 -Wall -Wextra -Wno-unused-parameter -Wno-parentheses -Wno-long-long -Wno-missing-field-initializers -Wunused-variable -Wpointer-arith -Wwrite-strings -Wdeclaration-after-statement -Wshorten-64-to-32 -Wimplicit-function-declaration  -fno-common -pipe conftest.c  -L. -L/opt/twitter/rvm/rubies/ruby-2.0.0-p247/lib -L/opt/twitter/opt/libyaml/lib -L/opt/twitter/opt/readline/lib -L/opt/twitter/opt/libksba/lib -L/opt/twitter/opt/openssl/lib -L. -fstack-protector -L/opt/twitter/opt/libyaml/lib -L/opt/twitter/opt/readline/lib -L/opt/twitter/opt/libksba/lib -L/opt/twitter/opt/openssl/lib      -lruby.2.0.0  -lpthread -ldl -lobjc "
/opt/twitter/rvm/rubies/ruby-2.0.0-p247/lib/ruby/2.0.0/mkmf.rb:373: warning: Insecure world writable dir /opt/X11 in PATH, mode 040777
checked program was:
/* begin */
1: #include "ruby.h"
2: 
3: int main(int argc, char **argv)
4: {
5:   return 0;
6: }
/* end */

"/opt/twitter/bin/gcc-4.2 -E -I/opt/twitter/rvm/rubies/ruby-2.0.0-p247/include/ruby-2.0.0/x86_64-darwin13.2.0 -I/opt/twitter/rvm/rubies/ruby-2.0.0-p247/include/ruby-2.0.0/ruby/backward -I/opt/twitter/rvm/rubies/ruby-2.0.0-p247/include/ruby-2.0.0 -I. -D_XOPEN_SOURCE -D_DARWIN_C_SOURCE -D_DARWIN_UNLIMITED_SELECT -D_REENTRANT -I/opt/twitter/opt/libyaml/include -I/opt/twitter/opt/readline/include -I/opt/twitter/opt/libksba/include -I/opt/twitter/opt/openssl/include    -O3 -fno-fast-math -ggdb3 -Wall -Wextra -Wno-unused-parameter -Wno-parentheses -Wno-long-long -Wno-missing-field-initializers -Wunused-variable -Wpointer-arith -Wwrite-strings -Wdeclaration-after-statement -Wshorten-64-to-32 -Wimplicit-function-declaration  -fno-common -pipe  conftest.c -o conftest.i"
checked program was:
/* begin */
1: #include "ruby.h"
2: 
3: #include <sqlite3.h>
/* end */

--------------------

find_library: checking for sqlite3_libversion_number() in -lsqlite3... -------------------- yes

"/opt/twitter/bin/gcc-4.2 -o conftest -I/opt/twitter/rvm/rubies/ruby-2.0.0-p247/include/ruby-2.0.0/x86_64-darwin13.2.0 -I/opt/twitter/rvm/rubies/ruby-2.0.0-p247/include/ruby-2.0.0/ruby/backward -I/opt/twitter/rvm/rubies/ruby-2.0.0-p247/include/ruby-2.0.0 -I. -D_XOPEN_SOURCE -D_DARWIN_C_SOURCE -D_DARWIN_UNLIMITED_SELECT -D_REENTRANT -I/opt/twitter/opt/libyaml/include -I/opt/twitter/opt/readline/include -I/opt/twitter/opt/libksba/include -I/opt/twitter/opt/openssl/include    -O3 -fno-fast-math -ggdb3 -Wall -Wextra -Wno-unused-parameter -Wno-parentheses -Wno-long-long -Wno-missing-field-initializers -Wunused-variable -Wpointer-arith -Wwrite-strings -Wdeclaration-after-statement -Wshorten-64-to-32 -Wimplicit-function-declaration  -fno-common -pipe conftest.c  -L. -L/opt/twitter/rvm/rubies/ruby-2.0.0-p247/lib -L/opt/twitter/opt/libyaml/lib -L/opt/twitter/opt/readline/lib -L/opt/twitter/opt/libksba/lib -L/opt/twitter/opt/openssl/lib -L. -fstack-protector -L/opt/twitter/opt/libyaml/lib -L/opt/twitter/opt/readline/lib -L/opt/twitter/opt/libksba/lib -L/opt/twitter/opt/openssl/lib      -lruby.2.0.0 -lsqlite3  -lpthread -ldl -lobjc "
conftest.c: In function ‘t’:
conftest.c:5: error: ‘sqlite3_libversion_number’ undeclared (first use in this function)
conftest.c:5: error: (Each undeclared identifier is reported only once
conftest.c:5: error: for each function it appears in.)
checked program was:
/* begin */
 1: #include "ruby.h"
 2: 
 3: /*top*/
 4: extern int t(void);
 5: int t(void) { void ((*volatile p)()); p = (void ((*)()))sqlite3_libversion_number; return 0; }
 6: int main(int argc, char **argv)
 7: {
 8:   if (argc > 1000000) {
 9:     printf("%p", &t);
10:   }
11: 
12:   return 0;
13: }
/* end */

"/opt/twitter/bin/gcc-4.2 -o conftest -I/opt/twitter/rvm/rubies/ruby-2.0.0-p247/include/ruby-2.0.0/x86_64-darwin13.2.0 -I/opt/twitter/rvm/rubies/ruby-2.0.0-p247/include/ruby-2.0.0/ruby/backward -I/opt/twitter/rvm/rubies/ruby-2.0.0-p247/include/ruby-2.0.0 -I. -D_XOPEN_SOURCE -D_DARWIN_C_SOURCE -D_DARWIN_UNLIMITED_SELECT -D_REENTRANT -I/opt/twitter/opt/libyaml/include -I/opt/twitter/opt/readline/include -I/opt/twitter/opt/libksba/include -I/opt/twitter/opt/openssl/include    -O3 -fno-fast-math -ggdb3 -Wall -Wextra -Wno-unused-parameter -Wno-parentheses -Wno-long-long -Wno-missing-field-initializers -Wunused-variable -Wpointer-arith -Wwrite-strings -Wdeclaration-after-statement -Wshorten-64-to-32 -Wimplicit-function-declaration  -fno-common -pipe conftest.c  -L. -L/opt/twitter/rvm/rubies/ruby-2.0.0-p247/lib -L/opt/twitter/opt/libyaml/lib -L/opt/twitter/opt/readline/lib -L/opt/twitter/opt/libksba/lib -L/opt/twitter/opt/openssl/lib -L. -fstack-protector -L/opt/twitter/opt/libyaml/lib -L/opt/twitter/opt/readline/lib -L/opt/twitter/opt/libksba/lib -L/opt/twitter/opt/openssl/lib      -lruby.2.0.0 -lsqlite3  -lpthread -ldl -lobjc "
conftest.c: In function ‘t’:
conftest.c:5: warning: implicit declaration of function ‘sqlite3_libversion_number’
checked program was:
/* begin */
 1: #include "ruby.h"
 2: 
 3: /*top*/
 4: extern int t(void);
 5: int t(void) { sqlite3_libversion_number(); return 0; }
 6: int main(int argc, char **argv)
 7: {
 8:   if (argc > 1000000) {
 9:     printf("%p", &t);
10:   }
11: 
12:   return 0;
13: }
/* end */

--------------------

have_func: checking for rb_proc_arity()... -------------------- yes

"/opt/twitter/bin/gcc-4.2 -o conftest -I/opt/twitter/rvm/rubies/ruby-2.0.0-p247/include/ruby-2.0.0/x86_64-darwin13.2.0 -I/opt/twitter/rvm/rubies/ruby-2.0.0-p247/include/ruby-2.0.0/ruby/backward -I/opt/twitter/rvm/rubies/ruby-2.0.0-p247/include/ruby-2.0.0 -I. -D_XOPEN_SOURCE -D_DARWIN_C_SOURCE -D_DARWIN_UNLIMITED_SELECT -D_REENTRANT -I/opt/twitter/opt/libyaml/include -I/opt/twitter/opt/readline/include -I/opt/twitter/opt/libksba/include -I/opt/twitter/opt/openssl/include    -O3 -fno-fast-math -ggdb3 -Wall -Wextra -Wno-unused-parameter -Wno-parentheses -Wno-long-long -Wno-missing-field-initializers -Wunused-variable -Wpointer-arith -Wwrite-strings -Wdeclaration-after-statement -Wshorten-64-to-32 -Wimplicit-function-declaration  -fno-common -pipe conftest.c  -L. -L/opt/twitter/rvm/rubies/ruby-2.0.0-p247/lib -L/opt/twitter/opt/libyaml/lib -L/opt/twitter/opt/readline/lib -L/opt/twitter/opt/libksba/lib -L/opt/twitter/opt/openssl/lib -L. -fstack-protector -L/opt/twitter/opt/libyaml/lib -L/opt/twitter/opt/readline/lib -L/opt/twitter/opt/libksba/lib -L/opt/twitter/opt/openssl/lib     -lsqlite3  -lruby.2.0.0 -lsqlite3  -lpthread -ldl -lobjc "
checked program was:
/* begin */
 1: #include "ruby.h"
 2: 
 3: /*top*/
 4: extern int t(void);
 5: int t(void) { void ((*volatile p)()); p = (void ((*)()))rb_proc_arity; return 0; }
 6: int main(int argc, char **argv)
 7: {
 8:   if (argc > 1000000) {
 9:     printf("%p", &t);
10:   }
11: 
12:   return 0;
13: }
/* end */

--------------------

have_func: checking for sqlite3_initialize()... -------------------- yes

"/opt/twitter/bin/gcc-4.2 -o conftest -I/opt/twitter/rvm/rubies/ruby-2.0.0-p247/include/ruby-2.0.0/x86_64-darwin13.2.0 -I/opt/twitter/rvm/rubies/ruby-2.0.0-p247/include/ruby-2.0.0/ruby/backward -I/opt/twitter/rvm/rubies/ruby-2.0.0-p247/include/ruby-2.0.0 -I. -D_XOPEN_SOURCE -D_DARWIN_C_SOURCE -D_DARWIN_UNLIMITED_SELECT -D_REENTRANT -I/opt/twitter/opt/libyaml/include -I/opt/twitter/opt/readline/include -I/opt/twitter/opt/libksba/include -I/opt/twitter/opt/openssl/include    -O3 -fno-fast-math -ggdb3 -Wall -Wextra -Wno-unused-parameter -Wno-parentheses -Wno-long-long -Wno-missing-field-initializers -Wunused-variable -Wpointer-arith -Wwrite-strings -Wdeclaration-after-statement -Wshorten-64-to-32 -Wimplicit-function-declaration  -fno-common -pipe conftest.c  -L. -L/opt/twitter/rvm/rubies/ruby-2.0.0-p247/lib -L/opt/twitter/opt/libyaml/lib -L/opt/twitter/opt/readline/lib -L/opt/twitter/opt/libksba/lib -L/opt/twitter/opt/openssl/lib -L. -fstack-protector -L/opt/twitter/opt/libyaml/lib -L/opt/twitter/opt/readline/lib -L/opt/twitter/opt/libksba/lib -L/opt/twitter/opt/openssl/lib     -lsqlite3  -lruby.2.0.0 -lsqlite3  -lpthread -ldl -lobjc "
conftest.c: In function ‘t’:
conftest.c:5: error: ‘sqlite3_initialize’ undeclared (first use in this function)
conftest.c:5: error: (Each undeclared identifier is reported only once
conftest.c:5: error: for each function it appears in.)
checked program was:
/* begin */
 1: #include "ruby.h"
 2: 
 3: /*top*/
 4: extern int t(void);
 5: int t(void) { void ((*volatile p)()); p = (void ((*)()))sqlite3_initialize; return 0; }
 6: int main(int argc, char **argv)
 7: {
 8:   if (argc > 1000000) {
 9:     printf("%p", &t);
10:   }
11: 
12:   return 0;
13: }
/* end */

"/opt/twitter/bin/gcc-4.2 -o conftest -I/opt/twitter/rvm/rubies/ruby-2.0.0-p247/include/ruby-2.0.0/x86_64-darwin13.2.0 -I/opt/twitter/rvm/rubies/ruby-2.0.0-p247/include/ruby-2.0.0/ruby/backward -I/opt/twitter/rvm/rubies/ruby-2.0.0-p247/include/ruby-2.0.0 -I. -D_XOPEN_SOURCE -D_DARWIN_C_SOURCE -D_DARWIN_UNLIMITED_SELECT -D_REENTRANT -I/opt/twitter/opt/libyaml/include -I/opt/twitter/opt/readline/include -I/opt/twitter/opt/libksba/include -I/opt/twitter/opt/openssl/include    -O3 -fno-fast-math -ggdb3 -Wall -Wextra -Wno-unused-parameter -Wno-parentheses -Wno-long-long -Wno-missing-field-initializers -Wunused-variable -Wpointer-arith -Wwrite-strings -Wdeclaration-after-statement -Wshorten-64-to-32 -Wimplicit-function-declaration  -fno-common -pipe conftest.c  -L. -L/opt/twitter/rvm/rubies/ruby-2.0.0-p247/lib -L/opt/twitter/opt/libyaml/lib -L/opt/twitter/opt/readline/lib -L/opt/twitter/opt/libksba/lib -L/opt/twitter/opt/openssl/lib -L. -fstack-protector -L/opt/twitter/opt/libyaml/lib -L/opt/twitter/opt/readline/lib -L/opt/twitter/opt/libksba/lib -L/opt/twitter/opt/openssl/lib     -lsqlite3  -lruby.2.0.0 -lsqlite3  -lpthread -ldl -lobjc "
conftest.c: In function ‘t’:
conftest.c:5: warning: implicit declaration of function ‘sqlite3_initialize’
checked program was:
/* begin */
 1: #include "ruby.h"
 2: 
 3: /*top*/
 4: extern int t(void);
 5: int t(void) { sqlite3_initialize(); return 0; }
 6: int main(int argc, char **argv)
 7: {
 8:   if (argc > 1000000) {
 9:     printf("%p", &t);
10:   }
11: 
12:   return 0;
13: }
/* end */

--------------------

have_func: checking for sqlite3_backup_init()... -------------------- yes

"/opt/twitter/bin/gcc-4.2 -o conftest -I/opt/twitter/rvm/rubies/ruby-2.0.0-p247/include/ruby-2.0.0/x86_64-darwin13.2.0 -I/opt/twitter/rvm/rubies/ruby-2.0.0-p247/include/ruby-2.0.0/ruby/backward -I/opt/twitter/rvm/rubies/ruby-2.0.0-p247/include/ruby-2.0.0 -I. -D_XOPEN_SOURCE -D_DARWIN_C_SOURCE -D_DARWIN_UNLIMITED_SELECT -D_REENTRANT -I/opt/twitter/opt/libyaml/include -I/opt/twitter/opt/readline/include -I/opt/twitter/opt/libksba/include -I/opt/twitter/opt/openssl/include    -O3 -fno-fast-math -ggdb3 -Wall -Wextra -Wno-unused-parameter -Wno-parentheses -Wno-long-long -Wno-missing-field-initializers -Wunused-variable -Wpointer-arith -Wwrite-strings -Wdeclaration-after-statement -Wshorten-64-to-32 -Wimplicit-function-declaration  -fno-common -pipe conftest.c  -L. -L/opt/twitter/rvm/rubies/ruby-2.0.0-p247/lib -L/opt/twitter/opt/libyaml/lib -L/opt/twitter/opt/readline/lib -L/opt/twitter/opt/libksba/lib -L/opt/twitter/opt/openssl/lib -L. -fstack-protector -L/opt/twitter/opt/libyaml/lib -L/opt/twitter/opt/readline/lib -L/opt/twitter/opt/libksba/lib -L/opt/twitter/opt/openssl/lib     -lsqlite3  -lruby.2.0.0 -lsqlite3  -lpthread -ldl -lobjc "
conftest.c: In function ‘t’:
conftest.c:5: error: ‘sqlite3_backup_init’ undeclared (first use in this function)
conftest.c:5: error: (Each undeclared identifier is reported only once
conftest.c:5: error: for each function it appears in.)
checked program was:
/* begin */
 1: #include "ruby.h"
 2: 
 3: /*top*/
 4: extern int t(void);
 5: int t(void) { void ((*volatile p)()); p = (void ((*)()))sqlite3_backup_init; return 0; }
 6: int main(int argc, char **argv)
 7: {
 8:   if (argc > 1000000) {
 9:     printf("%p", &t);
10:   }
11: 
12:   return 0;
13: }
/* end */

"/opt/twitter/bin/gcc-4.2 -o conftest -I/opt/twitter/rvm/rubies/ruby-2.0.0-p247/include/ruby-2.0.0/x86_64-darwin13.2.0 -I/opt/twitter/rvm/rubies/ruby-2.0.0-p247/include/ruby-2.0.0/ruby/backward -I/opt/twitter/rvm/rubies/ruby-2.0.0-p247/include/ruby-2.0.0 -I. -D_XOPEN_SOURCE -D_DARWIN_C_SOURCE -D_DARWIN_UNLIMITED_SELECT -D_REENTRANT -I/opt/twitter/opt/libyaml/include -I/opt/twitter/opt/readline/include -I/opt/twitter/opt/libksba/include -I/opt/twitter/opt/openssl/include    -O3 -fno-fast-math -ggdb3 -Wall -Wextra -Wno-unused-parameter -Wno-parentheses -Wno-long-long -Wno-missing-field-initializers -Wunused-variable -Wpointer-arith -Wwrite-strings -Wdeclaration-after-statement -Wshorten-64-to-32 -Wimplicit-function-declaration  -fno-common -pipe conftest.c  -L. -L/opt/twitter/rvm/rubies/ruby-2.0.0-p247/lib -L/opt/twitter/opt/libyaml/lib -L/opt/twitter/opt/readline/lib -L/opt/twitter/opt/libksba/lib -L/opt/twitter/opt/openssl/lib -L. -fstack-protector -L/opt/twitter/opt/libyaml/lib -L/opt/twitter/opt/readline/lib -L/opt/twitter/opt/libksba/lib -L/opt/twitter/opt/openssl/lib     -lsqlite3  -lruby.2.0.0 -lsqlite3  -lpthread -ldl -lobjc "
conftest.c: In function ‘t’:
conftest.c:5: warning: implicit declaration of function ‘sqlite3_backup_init’
checked program was:
/* begin */
 1: #include "ruby.h"
 2: 
 3: /*top*/
 4: extern int t(void);
 5: int t(void) { sqlite3_backup_init(); return 0; }
 6: int main(int argc, char **argv)
 7: {
 8:   if (argc > 1000000) {
 9:     printf("%p", &t);
10:   }
11: 
12:   return 0;
13: }
/* end */

--------------------

have_func: checking for sqlite3_column_database_name()... -------------------- no

"/opt/twitter/bin/gcc-4.2 -o conftest -I/opt/twitter/rvm/rubies/ruby-2.0.0-p247/include/ruby-2.0.0/x86_64-darwin13.2.0 -I/opt/twitter/rvm/rubies/ruby-2.0.0-p247/include/ruby-2.0.0/ruby/backward -I/opt/twitter/rvm/rubies/ruby-2.0.0-p247/include/ruby-2.0.0 -I. -D_XOPEN_SOURCE -D_DARWIN_C_SOURCE -D_DARWIN_UNLIMITED_SELECT -D_REENTRANT -I/opt/twitter/opt/libyaml/include -I/opt/twitter/opt/readline/include -I/opt/twitter/opt/libksba/include -I/opt/twitter/opt/openssl/include    -O3 -fno-fast-math -ggdb3 -Wall -Wextra -Wno-unused-parameter -Wno-parentheses -Wno-long-long -Wno-missing-field-initializers -Wunused-variable -Wpointer-arith -Wwrite-strings -Wdeclaration-after-statement -Wshorten-64-to-32 -Wimplicit-function-declaration  -fno-common -pipe conftest.c  -L. -L/opt/twitter/rvm/rubies/ruby-2.0.0-p247/lib -L/opt/twitter/opt/libyaml/lib -L/opt/twitter/opt/readline/lib -L/opt/twitter/opt/libksba/lib -L/opt/twitter/opt/openssl/lib -L. -fstack-protector -L/opt/twitter/opt/libyaml/lib -L/opt/twitter/opt/readline/lib -L/opt/twitter/opt/libksba/lib -L/opt/twitter/opt/openssl/lib     -lsqlite3  -lruby.2.0.0 -lsqlite3  -lpthread -ldl -lobjc "
conftest.c: In function ‘t’:
conftest.c:5: error: ‘sqlite3_column_database_name’ undeclared (first use in this function)
conftest.c:5: error: (Each undeclared identifier is reported only once
conftest.c:5: error: for each function it appears in.)
checked program was:
/* begin */
 1: #include "ruby.h"
 2: 
 3: /*top*/
 4: extern int t(void);
 5: int t(void) { void ((*volatile p)()); p = (void ((*)()))sqlite3_column_database_name; return 0; }
 6: int main(int argc, char **argv)
 7: {
 8:   if (argc > 1000000) {
 9:     printf("%p", &t);
10:   }
11: 
12:   return 0;
13: }
/* end */

"/opt/twitter/bin/gcc-4.2 -o conftest -I/opt/twitter/rvm/rubies/ruby-2.0.0-p247/include/ruby-2.0.0/x86_64-darwin13.2.0 -I/opt/twitter/rvm/rubies/ruby-2.0.0-p247/include/ruby-2.0.0/ruby/backward -I/opt/twitter/rvm/rubies/ruby-2.0.0-p247/include/ruby-2.0.0 -I. -D_XOPEN_SOURCE -D_DARWIN_C_SOURCE -D_DARWIN_UNLIMITED_SELECT -D_REENTRANT -I/opt/twitter/opt/libyaml/include -I/opt/twitter/opt/readline/include -I/opt/twitter/opt/libksba/include -I/opt/twitter/opt/openssl/include    -O3 -fno-fast-math -ggdb3 -Wall -Wextra -Wno-unused-parameter -Wno-parentheses -Wno-long-long -Wno-missing-field-initializers -Wunused-variable -Wpointer-arith -Wwrite-strings -Wdeclaration-after-statement -Wshorten-64-to-32 -Wimplicit-function-declaration  -fno-common -pipe conftest.c  -L. -L/opt/twitter/rvm/rubies/ruby-2.0.0-p247/lib -L/opt/twitter/opt/libyaml/lib -L/opt/twitter/opt/readline/lib -L/opt/twitter/opt/libksba/lib -L/opt/twitter/opt/openssl/lib -L. -fstack-protector -L/opt/twitter/opt/libyaml/lib -L/opt/twitter/opt/readline/lib -L/opt/twitter/opt/libksba/lib -L/opt/twitter/opt/openssl/lib     -lsqlite3  -lruby.2.0.0 -lsqlite3  -lpthread -ldl -lobjc "
conftest.c: In function ‘t’:
conftest.c:5: warning: implicit declaration of function ‘sqlite3_column_database_name’
Undefined symbols for architecture x86_64:
  "_sqlite3_column_database_name", referenced from:
      _t in ccYepzFP.o
ld: symbol(s) not found for architecture x86_64
collect2: ld returned 1 exit status
checked program was:
/* begin */
 1: #include "ruby.h"
 2: 
 3: /*top*/
 4: extern int t(void);
 5: int t(void) { sqlite3_column_database_name(); return 0; }
 6: int main(int argc, char **argv)
 7: {
 8:   if (argc > 1000000) {
 9:     printf("%p", &t);
10:   }
11: 
12:   return 0;
13: }
/* end */

--------------------

have_func: checking for sqlite3_enable_load_extension()... -------------------- no

"/opt/twitter/bin/gcc-4.2 -o conftest -I/opt/twitter/rvm/rubies/ruby-2.0.0-p247/include/ruby-2.0.0/x86_64-darwin13.2.0 -I/opt/twitter/rvm/rubies/ruby-2.0.0-p247/include/ruby-2.0.0/ruby/backward -I/opt/twitter/rvm/rubies/ruby-2.0.0-p247/include/ruby-2.0.0 -I. -D_XOPEN_SOURCE -D_DARWIN_C_SOURCE -D_DARWIN_UNLIMITED_SELECT -D_REENTRANT -I/opt/twitter/opt/libyaml/include -I/opt/twitter/opt/readline/include -I/opt/twitter/opt/libksba/include -I/opt/twitter/opt/openssl/include    -O3 -fno-fast-math -ggdb3 -Wall -Wextra -Wno-unused-parameter -Wno-parentheses -Wno-long-long -Wno-missing-field-initializers -Wunused-variable -Wpointer-arith -Wwrite-strings -Wdeclaration-after-statement -Wshorten-64-to-32 -Wimplicit-function-declaration  -fno-common -pipe conftest.c  -L. -L/opt/twitter/rvm/rubies/ruby-2.0.0-p247/lib -L/opt/twitter/opt/libyaml/lib -L/opt/twitter/opt/readline/lib -L/opt/twitter/opt/libksba/lib -L/opt/twitter/opt/openssl/lib -L. -fstack-protector -L/opt/twitter/opt/libyaml/lib -L/opt/twitter/opt/readline/lib -L/opt/twitter/opt/libksba/lib -L/opt/twitter/opt/openssl/lib     -lsqlite3  -lruby.2.0.0 -lsqlite3  -lpthread -ldl -lobjc "
conftest.c: In function ‘t’:
conftest.c:5: error: ‘sqlite3_enable_load_extension’ undeclared (first use in this function)
conftest.c:5: error: (Each undeclared identifier is reported only once
conftest.c:5: error: for each function it appears in.)
checked program was:
/* begin */
 1: #include "ruby.h"
 2: 
 3: /*top*/
 4: extern int t(void);
 5: int t(void) { void ((*volatile p)()); p = (void ((*)()))sqlite3_enable_load_extension; return 0; }
 6: int main(int argc, char **argv)
 7: {
 8:   if (argc > 1000000) {
 9:     printf("%p", &t);
10:   }
11: 
12:   return 0;
13: }
/* end */

"/opt/twitter/bin/gcc-4.2 -o conftest -I/opt/twitter/rvm/rubies/ruby-2.0.0-p247/include/ruby-2.0.0/x86_64-darwin13.2.0 -I/opt/twitter/rvm/rubies/ruby-2.0.0-p247/include/ruby-2.0.0/ruby/backward -I/opt/twitter/rvm/rubies/ruby-2.0.0-p247/include/ruby-2.0.0 -I. -D_XOPEN_SOURCE -D_DARWIN_C_SOURCE -D_DARWIN_UNLIMITED_SELECT -D_REENTRANT -I/opt/twitter/opt/libyaml/include -I/opt/twitter/opt/readline/include -I/opt/twitter/opt/libksba/include -I/opt/twitter/opt/openssl/include    -O3 -fno-fast-math -ggdb3 -Wall -Wextra -Wno-unused-parameter -Wno-parentheses -Wno-long-long -Wno-missing-field-initializers -Wunused-variable -Wpointer-arith -Wwrite-strings -Wdeclaration-after-statement -Wshorten-64-to-32 -Wimplicit-function-declaration  -fno-common -pipe conftest.c  -L. -L/opt/twitter/rvm/rubies/ruby-2.0.0-p247/lib -L/opt/twitter/opt/libyaml/lib -L/opt/twitter/opt/readline/lib -L/opt/twitter/opt/libksba/lib -L/opt/twitter/opt/openssl/lib -L. -fstack-protector -L/opt/twitter/opt/libyaml/lib -L/opt/twitter/opt/readline/lib -L/opt/twitter/opt/libksba/lib -L/opt/twitter/opt/openssl/lib     -lsqlite3  -lruby.2.0.0 -lsqlite3  -lpthread -ldl -lobjc "
conftest.c: In function ‘t’:
conftest.c:5: warning: implicit declaration of function ‘sqlite3_enable_load_extension’
Undefined symbols for architecture x86_64:
  "_sqlite3_enable_load_extension", referenced from:
      _t in ccArzwR3.o
ld: symbol(s) not found for architecture x86_64
collect2: ld returned 1 exit status
checked program was:
/* begin */
 1: #include "ruby.h"
 2: 
 3: /*top*/
 4: extern int t(void);
 5: int t(void) { sqlite3_enable_load_extension(); return 0; }
 6: int main(int argc, char **argv)
 7: {
 8:   if (argc > 1000000) {
 9:     printf("%p", &t);
10:   }
11: 
12:   return 0;
13: }
/* end */

--------------------

have_func: checking for sqlite3_load_extension()... -------------------- no

"/opt/twitter/bin/gcc-4.2 -o conftest -I/opt/twitter/rvm/rubies/ruby-2.0.0-p247/include/ruby-2.0.0/x86_64-darwin13.2.0 -I/opt/twitter/rvm/rubies/ruby-2.0.0-p247/include/ruby-2.0.0/ruby/backward -I/opt/twitter/rvm/rubies/ruby-2.0.0-p247/include/ruby-2.0.0 -I. -D_XOPEN_SOURCE -D_DARWIN_C_SOURCE -D_DARWIN_UNLIMITED_SELECT -D_REENTRANT -I/opt/twitter/opt/libyaml/include -I/opt/twitter/opt/readline/include -I/opt/twitter/opt/libksba/include -I/opt/twitter/opt/openssl/include    -O3 -fno-fast-math -ggdb3 -Wall -Wextra -Wno-unused-parameter -Wno-parentheses -Wno-long-long -Wno-missing-field-initializers -Wunused-variable -Wpointer-arith -Wwrite-strings -Wdeclaration-after-statement -Wshorten-64-to-32 -Wimplicit-function-declaration  -fno-common -pipe conftest.c  -L. -L/opt/twitter/rvm/rubies/ruby-2.0.0-p247/lib -L/opt/twitter/opt/libyaml/lib -L/opt/twitter/opt/readline/lib -L/opt/twitter/opt/libksba/lib -L/opt/twitter/opt/openssl/lib -L. -fstack-protector -L/opt/twitter/opt/libyaml/lib -L/opt/twitter/opt/readline/lib -L/opt/twitter/opt/libksba/lib -L/opt/twitter/opt/openssl/lib     -lsqlite3  -lruby.2.0.0 -lsqlite3  -lpthread -ldl -lobjc "
conftest.c: In function ‘t’:
conftest.c:5: error: ‘sqlite3_load_extension’ undeclared (first use in this function)
conftest.c:5: error: (Each undeclared identifier is reported only once
conftest.c:5: error: for each function it appears in.)
checked program was:
/* begin */
 1: #include "ruby.h"
 2: 
 3: /*top*/
 4: extern int t(void);
 5: int t(void) { void ((*volatile p)()); p = (void ((*)()))sqlite3_load_extension; return 0; }
 6: int main(int argc, char **argv)
 7: {
 8:   if (argc > 1000000) {
 9:     printf("%p", &t);
10:   }
11: 
12:   return 0;
13: }
/* end */

"/opt/twitter/bin/gcc-4.2 -o conftest -I/opt/twitter/rvm/rubies/ruby-2.0.0-p247/include/ruby-2.0.0/x86_64-darwin13.2.0 -I/opt/twitter/rvm/rubies/ruby-2.0.0-p247/include/ruby-2.0.0/ruby/backward -I/opt/twitter/rvm/rubies/ruby-2.0.0-p247/include/ruby-2.0.0 -I. -D_XOPEN_SOURCE -D_DARWIN_C_SOURCE -D_DARWIN_UNLIMITED_SELECT -D_REENTRANT -I/opt/twitter/opt/libyaml/include -I/opt/twitter/opt/readline/include -I/opt/twitter/opt/libksba/include -I/opt/twitter/opt/openssl/include    -O3 -fno-fast-math -ggdb3 -Wall -Wextra -Wno-unused-parameter -Wno-parentheses -Wno-long-long -Wno-missing-field-initializers -Wunused-variable -Wpointer-arith -Wwrite-strings -Wdeclaration-after-statement -Wshorten-64-to-32 -Wimplicit-function-declaration  -fno-common -pipe conftest.c  -L. -L/opt/twitter/rvm/rubies/ruby-2.0.0-p247/lib -L/opt/twitter/opt/libyaml/lib -L/opt/twitter/opt/readline/lib -L/opt/twitter/opt/libksba/lib -L/opt/twitter/opt/openssl/lib -L. -fstack-protector -L/opt/twitter/opt/libyaml/lib -L/opt/twitter/opt/readline/lib -L/opt/twitter/opt/libksba/lib -L/opt/twitter/opt/openssl/lib     -lsqlite3  -lruby.2.0.0 -lsqlite3  -lpthread -ldl -lobjc "
conftest.c: In function ‘t’:
conftest.c:5: warning: implicit declaration of function ‘sqlite3_load_extension’
Undefined symbols for architecture x86_64:
  "_sqlite3_load_extension", referenced from:
      _t in ccZt0dPb.o
ld: symbol(s) not found for architecture x86_64
collect2: ld returned 1 exit status
checked program was:
/* begin */
 1: #include "ruby.h"
 2: 
 3: /*top*/
 4: extern int t(void);
 5: int t(void) { sqlite3_load_extension(); return 0; }
 6: int main(int argc, char **argv)
 7: {
 8:   if (argc > 1000000) {
 9:     printf("%p", &t);
10:   }
11: 
12:   return 0;
13: }
/* end */

--------------------

have_func: checking for sqlite3_open_v2()... -------------------- yes

"/opt/twitter/bin/gcc-4.2 -o conftest -I/opt/twitter/rvm/rubies/ruby-2.0.0-p247/include/ruby-2.0.0/x86_64-darwin13.2.0 -I/opt/twitter/rvm/rubies/ruby-2.0.0-p247/include/ruby-2.0.0/ruby/backward -I/opt/twitter/rvm/rubies/ruby-2.0.0-p247/include/ruby-2.0.0 -I. -D_XOPEN_SOURCE -D_DARWIN_C_SOURCE -D_DARWIN_UNLIMITED_SELECT -D_REENTRANT -I/opt/twitter/opt/libyaml/include -I/opt/twitter/opt/readline/include -I/opt/twitter/opt/libksba/include -I/opt/twitter/opt/openssl/include    -O3 -fno-fast-math -ggdb3 -Wall -Wextra -Wno-unused-parameter -Wno-parentheses -Wno-long-long -Wno-missing-field-initializers -Wunused-variable -Wpointer-arith -Wwrite-strings -Wdeclaration-after-statement -Wshorten-64-to-32 -Wimplicit-function-declaration  -fno-common -pipe conftest.c  -L. -L/opt/twitter/rvm/rubies/ruby-2.0.0-p247/lib -L/opt/twitter/opt/libyaml/lib -L/opt/twitter/opt/readline/lib -L/opt/twitter/opt/libksba/lib -L/opt/twitter/opt/openssl/lib -L. -fstack-protector -L/opt/twitter/opt/libyaml/lib -L/opt/twitter/opt/readline/lib -L/opt/twitter/opt/libksba/lib -L/opt/twitter/opt/openssl/lib     -lsqlite3  -lruby.2.0.0 -lsqlite3  -lpthread -ldl -lobjc "
conftest.c: In function ‘t’:
conftest.c:5: error: ‘sqlite3_open_v2’ undeclared (first use in this function)
conftest.c:5: error: (Each undeclared identifier is reported only once
conftest.c:5: error: for each function it appears in.)
checked program was:
/* begin */
 1: #include "ruby.h"
 2: 
 3: /*top*/
 4: extern int t(void);
 5: int t(void) { void ((*volatile p)()); p = (void ((*)()))sqlite3_open_v2; return 0; }
 6: int main(int argc, char **argv)
 7: {
 8:   if (argc > 1000000) {
 9:     printf("%p", &t);
10:   }
11: 
12:   return 0;
13: }
/* end */

"/opt/twitter/bin/gcc-4.2 -o conftest -I/opt/twitter/rvm/rubies/ruby-2.0.0-p247/include/ruby-2.0.0/x86_64-darwin13.2.0 -I/opt/twitter/rvm/rubies/ruby-2.0.0-p247/include/ruby-2.0.0/ruby/backward -I/opt/twitter/rvm/rubies/ruby-2.0.0-p247/include/ruby-2.0.0 -I. -D_XOPEN_SOURCE -D_DARWIN_C_SOURCE -D_DARWIN_UNLIMITED_SELECT -D_REENTRANT -I/opt/twitter/opt/libyaml/include -I/opt/twitter/opt/readline/include -I/opt/twitter/opt/libksba/include -I/opt/twitter/opt/openssl/include    -O3 -fno-fast-math -ggdb3 -Wall -Wextra -Wno-unused-parameter -Wno-parentheses -Wno-long-long -Wno-missing-field-initializers -Wunused-variable -Wpointer-arith -Wwrite-strings -Wdeclaration-after-statement -Wshorten-64-to-32 -Wimplicit-function-declaration  -fno-common -pipe conftest.c  -L. -L/opt/twitter/rvm/rubies/ruby-2.0.0-p247/lib -L/opt/twitter/opt/libyaml/lib -L/opt/twitter/opt/readline/lib -L/opt/twitter/opt/libksba/lib -L/opt/twitter/opt/openssl/lib -L. -fstack-protector -L/opt/twitter/opt/libyaml/lib -L/opt/twitter/opt/readline/lib -L/opt/twitter/opt/libksba/lib -L/opt/twitter/opt/openssl/lib     -lsqlite3  -lruby.2.0.0 -lsqlite3  -lpthread -ldl -lobjc "
conftest.c: In function ‘t’:
conftest.c:5: warning: implicit declaration of function ‘sqlite3_open_v2’
checked program was:
/* begin */
 1: #include "ruby.h"
 2: 
 3: /*top*/
 4: extern int t(void);
 5: int t(void) { sqlite3_open_v2(); return 0; }
 6: int main(int argc, char **argv)
 7: {
 8:   if (argc > 1000000) {
 9:     printf("%p", &t);
10:   }
11: 
12:   return 0;
13: }
/* end */

--------------------

have_func: checking for sqlite3_prepare_v2()... -------------------- yes

"/opt/twitter/bin/gcc-4.2 -o conftest -I/opt/twitter/rvm/rubies/ruby-2.0.0-p247/include/ruby-2.0.0/x86_64-darwin13.2.0 -I/opt/twitter/rvm/rubies/ruby-2.0.0-p247/include/ruby-2.0.0/ruby/backward -I/opt/twitter/rvm/rubies/ruby-2.0.0-p247/include/ruby-2.0.0 -I. -D_XOPEN_SOURCE -D_DARWIN_C_SOURCE -D_DARWIN_UNLIMITED_SELECT -D_REENTRANT -I/opt/twitter/opt/libyaml/include -I/opt/twitter/opt/readline/include -I/opt/twitter/opt/libksba/include -I/opt/twitter/opt/openssl/include    -O3 -fno-fast-math -ggdb3 -Wall -Wextra -Wno-unused-parameter -Wno-parentheses -Wno-long-long -Wno-missing-field-initializers -Wunused-variable -Wpointer-arith -Wwrite-strings -Wdeclaration-after-statement -Wshorten-64-to-32 -Wimplicit-function-declaration  -fno-common -pipe conftest.c  -L. -L/opt/twitter/rvm/rubies/ruby-2.0.0-p247/lib -L/opt/twitter/opt/libyaml/lib -L/opt/twitter/opt/readline/lib -L/opt/twitter/opt/libksba/lib -L/opt/twitter/opt/openssl/lib -L. -fstack-protector -L/opt/twitter/opt/libyaml/lib -L/opt/twitter/opt/readline/lib -L/opt/twitter/opt/libksba/lib -L/opt/twitter/opt/openssl/lib     -lsqlite3  -lruby.2.0.0 -lsqlite3  -lpthread -ldl -lobjc "
conftest.c: In function ‘t’:
conftest.c:5: error: ‘sqlite3_prepare_v2’ undeclared (first use in this function)
conftest.c:5: error: (Each undeclared identifier is reported only once
conftest.c:5: error: for each function it appears in.)
checked program was:
/* begin */
 1: #include "ruby.h"
 2: 
 3: /*top*/
 4: extern int t(void);
 5: int t(void) { void ((*volatile p)()); p = (void ((*)()))sqlite3_prepare_v2; return 0; }
 6: int main(int argc, char **argv)
 7: {
 8:   if (argc > 1000000) {
 9:     printf("%p", &t);
10:   }
11: 
12:   return 0;
13: }
/* end */

"/opt/twitter/bin/gcc-4.2 -o conftest -I/opt/twitter/rvm/rubies/ruby-2.0.0-p247/include/ruby-2.0.0/x86_64-darwin13.2.0 -I/opt/twitter/rvm/rubies/ruby-2.0.0-p247/include/ruby-2.0.0/ruby/backward -I/opt/twitter/rvm/rubies/ruby-2.0.0-p247/include/ruby-2.0.0 -I. -D_XOPEN_SOURCE -D_DARWIN_C_SOURCE -D_DARWIN_UNLIMITED_SELECT -D_REENTRANT -I/opt/twitter/opt/libyaml/include -I/opt/twitter/opt/readline/include -I/opt/twitter/opt/libksba/include -I/opt/twitter/opt/openssl/include    -O3 -fno-fast-math -ggdb3 -Wall -Wextra -Wno-unused-parameter -Wno-parentheses -Wno-long-long -Wno-missing-field-initializers -Wunused-variable -Wpointer-arith -Wwrite-strings -Wdeclaration-after-statement -Wshorten-64-to-32 -Wimplicit-function-declaration  -fno-common -pipe conftest.c  -L. -L/opt/twitter/rvm/rubies/ruby-2.0.0-p247/lib -L/opt/twitter/opt/libyaml/lib -L/opt/twitter/opt/readline/lib -L/opt/twitter/opt/libksba/lib -L/opt/twitter/opt/openssl/lib -L. -fstack-protector -L/opt/twitter/opt/libyaml/lib -L/opt/twitter/opt/readline/lib -L/opt/twitter/opt/libksba/lib -L/opt/twitter/opt/openssl/lib     -lsqlite3  -lruby.2.0.0 -lsqlite3  -lpthread -ldl -lobjc "
conftest.c: In function ‘t’:
conftest.c:5: warning: implicit declaration of function ‘sqlite3_prepare_v2’
checked program was:
/* begin */
 1: #include "ruby.h"
 2: 
 3: /*top*/
 4: extern int t(void);
 5: int t(void) { sqlite3_prepare_v2(); return 0; }
 6: int main(int argc, char **argv)
 7: {
 8:   if (argc > 1000000) {
 9:     printf("%p", &t);
10:   }
11: 
12:   return 0;
13: }
/* end */

--------------------

have_type: checking for sqlite3_int64 in sqlite3.h... -------------------- yes

"/opt/twitter/bin/gcc-4.2 -I/opt/twitter/rvm/rubies/ruby-2.0.0-p247/include/ruby-2.0.0/x86_64-darwin13.2.0 -I/opt/twitter/rvm/rubies/ruby-2.0.0-p247/include/ruby-2.0.0/ruby/backward -I/opt/twitter/rvm/rubies/ruby-2.0.0-p247/include/ruby-2.0.0 -I. -D_XOPEN_SOURCE -D_DARWIN_C_SOURCE -D_DARWIN_UNLIMITED_SELECT -D_REENTRANT -I/opt/twitter/opt/libyaml/include -I/opt/twitter/opt/readline/include -I/opt/twitter/opt/libksba/include -I/opt/twitter/opt/openssl/include    -O3 -fno-fast-math -ggdb3 -Wall -Wextra -Wno-unused-parameter -Wno-parentheses -Wno-long-long -Wno-missing-field-initializers -Wunused-variable -Wpointer-arith -Wwrite-strings -Wdeclaration-after-statement -Wshorten-64-to-32 -Wimplicit-function-declaration  -fno-common -pipe   -c conftest.c"
checked program was:
/* begin */
1: #include "ruby.h"
2: 
3: #include <sqlite3.h>
4: 
5: /*top*/
6: typedef sqlite3_int64 conftest_type;
7: int conftestval[sizeof(conftest_type)?1:-1];
/* end */

--------------------

have_type: checking for sqlite3_uint64 in sqlite3.h... -------------------- yes

"/opt/twitter/bin/gcc-4.2 -I/opt/twitter/rvm/rubies/ruby-2.0.0-p247/include/ruby-2.0.0/x86_64-darwin13.2.0 -I/opt/twitter/rvm/rubies/ruby-2.0.0-p247/include/ruby-2.0.0/ruby/backward -I/opt/twitter/rvm/rubies/ruby-2.0.0-p247/include/ruby-2.0.0 -I. -D_XOPEN_SOURCE -D_DARWIN_C_SOURCE -D_DARWIN_UNLIMITED_SELECT -D_REENTRANT -I/opt/twitter/opt/libyaml/include -I/opt/twitter/opt/readline/include -I/opt/twitter/opt/libksba/include -I/opt/twitter/opt/openssl/include    -O3 -fno-fast-math -ggdb3 -Wall -Wextra -Wno-unused-parameter -Wno-parentheses -Wno-long-long -Wno-missing-field-initializers -Wunused-variable -Wpointer-arith -Wwrite-strings -Wdeclaration-after-statement -Wshorten-64-to-32 -Wimplicit-function-declaration  -fno-common -pipe   -c conftest.c"
checked program was:
/* begin */
1: #include "ruby.h"
2: 
3: #include <sqlite3.h>
4: 
5: /*top*/
6: typedef sqlite3_uint64 conftest_type;
7: int conftestval[sizeof(conftest_type)?1:-1];
/* end */

--------------------

